2019-07-28 21:27:57.931 - INFO  [  restartedMain] o.s.b.StartupInfoLogger        : Starting DemoApplication on Daniel_Chu with PID 2596 (D:\demo\target\classes started by kkk86 in D:\demo)
2019-07-28 21:27:57.948 - INFO  [  restartedMain] o.s.b.SpringApplication        : No active profile set, falling back to default profiles: default
2019-07-28 21:27:58.044 - INFO  [  restartedMain] o.s.b.l.DeferredLog            : Devtools property defaults active! Set 'spring.devtools.add-properties' to 'false' to disable
2019-07-28 21:27:58.045 - INFO  [  restartedMain] o.s.b.l.DeferredLog            : For additional web related logging consider setting the 'logging.level.web' property to 'DEBUG'
2019-07-28 21:28:02.467 - INFO  [  restartedMain] o.s.b.w.e.t.TomcatWebServer    : Tomcat initialized with port(s): 8080 (http)
2019-07-28 21:28:02.503 - INFO  [  restartedMain] o.a.j.l.DirectJDKLog           : Initializing ProtocolHandler ["http-nio-8080"]
2019-07-28 21:28:02.530 - INFO  [  restartedMain] o.a.j.l.DirectJDKLog           : Starting service [Tomcat]
2019-07-28 21:28:02.531 - INFO  [  restartedMain] o.a.j.l.DirectJDKLog           : Starting Servlet engine: [Apache Tomcat/9.0.21]
2019-07-28 21:28:02.882 - INFO  [  restartedMain] o.a.j.l.DirectJDKLog           : Initializing Spring embedded WebApplicationContext
2019-07-28 21:28:02.883 - INFO  [  restartedMain] letWebServerApplicationContext : Root WebApplicationContext: initialization completed in 4837 ms
2019-07-28 21:28:03.353 - INFO  [  restartedMain] c.z.h.HikariDataSource         : HikariPool-1 - Starting...
2019-07-28 21:28:04.477 - INFO  [  restartedMain] c.z.h.HikariDataSource         : HikariPool-1 - Start completed.
2019-07-28 21:28:05.043 - INFO  [  restartedMain] c.ExecutorConfigurationSupport : Initializing ExecutorService 'applicationTaskExecutor'
2019-07-28 21:28:05.648 - INFO  [  restartedMain] b.d.a.OptionalLiveReloadServer : LiveReload server is running on port 35729
2019-07-28 21:28:05.727 - INFO  [  restartedMain] o.a.j.l.DirectJDKLog           : Starting ProtocolHandler ["http-nio-8080"]
2019-07-28 21:28:05.797 - INFO  [  restartedMain] o.s.b.w.e.t.TomcatWebServer    : Tomcat started on port(s): 8080 (http) with context path ''
2019-07-28 21:28:05.805 - INFO  [  restartedMain] o.s.b.StartupInfoLogger        : Started DemoApplication in 8.994 seconds (JVM running for 13.418)
2019-07-28 21:29:28.133 - INFO  [nio-8080-exec-1] o.a.j.l.DirectJDKLog           : Initializing Spring DispatcherServlet 'dispatcherServlet'
2019-07-28 21:29:28.133 - INFO  [nio-8080-exec-1] o.s.w.s.FrameworkServlet       : Initializing Servlet 'dispatcherServlet'
2019-07-28 21:29:28.150 - INFO  [nio-8080-exec-1] o.s.w.s.FrameworkServlet       : Completed initialization in 16 ms
